<?xml version="1.0" encoding="UTF-8"?>
<!-- Generated by org.testng.reporters.JUnitXMLReporter -->
<testsuite ignored="0" hostname="Cruvel-Desktop" failures="0" tests="3" name="Test" time="7.192" errors="0" timestamp="2023-12-07T22:05:38 MYT">
  <testcase classname="com.test.SampleTest" name="testCase1" time="0.001"/>
  <testcase classname="com.test.SampleTest" name="testCase2" time="0.0"/>
  <testcase classname="com.test.SampleTest" name="testCase3" time="0.0"/>
</testsuite> <!-- Test -->
